#
# There is insufficient memory for the Java Runtime Environment to continue.
# Native memory allocation (malloc) failed to allocate 2517136 bytes for Chunk::new
# Possible reasons:
#   The system is out of physical RAM or swap space
#   The process is running with CompressedOops enabled, and the Java Heap may be blocking the growth of the native heap
# Possible solutions:
#   Reduce memory load on the system
#   Increase physical memory or swap space
#   Check if swap backing store is full
#   Decrease Java heap size (-Xmx/-Xms)
#   Decrease number of Java threads
#   Decrease Java thread stack sizes (-Xss)
#   Set larger code cache with -XX:ReservedCodeCacheSize=
#   JVM is running with Unscaled Compressed Oops mode in which the Java heap is
#     placed in the first 4GB address space. The Java Heap base address is the
#     maximum limit for the native heap growth. Please use -XX:HeapBaseMinAddress
#     to set the Java Heap base and to place the Java Heap above 4GB virtual address.
# This output file may be truncated or incomplete.
#
#  Out of Memory Error (./open/src/hotspot/share/memory/arena.cpp:197), pid=13448, tid=8652
#
# JRE version: Java(TM) SE Runtime Environment 18.9 (11.0.23+7) (build 11.0.23+7-LTS-222)
# Java VM: Java HotSpot(TM) 64-Bit Server VM 18.9 (11.0.23+7-LTS-222, mixed mode, tiered, compressed oops, g1 gc, windows-amd64)
# No core dump will be written. Minidumps are not enabled by default on client versions of Windows
#

---------------  S U M M A R Y ------------

Command Line: C:\Users\Admin\AppData\Local\Temp\surefire4724536700652001610\surefirebooter3604237607377113963.jar C:\Users\Admin\AppData\Local\Temp\surefire4724536700652001610 2024-10-03T01-19-31_742-jvmRun1 surefire13880781837560502807tmp surefire_03600023160541092102tmp

Host: Intel(R) Core(TM) i3-4005U CPU @ 1.70GHz, 4 cores, 3G,  Windows 10 , 64 bit Build 19041 (10.0.19041.4957)
Time: Thu Oct  3 01:19:46 2024 India Standard Time elapsed time: 12.504949 seconds (0d 0h 0m 12s)

---------------  T H R E A D  ---------------

Current thread (0x00000216a438f800):  JavaThread "C2 CompilerThread0" daemon [_thread_in_native, id=8652, stack(0x000000f9bbe00000,0x000000f9bbf00000)]


Current CompileTask:
C2:  12505 3013   !   4       jdk.internal.loader.BuiltinClassLoader::loadClassOrNull (143 bytes)

Stack: [0x000000f9bbe00000,0x000000f9bbf00000]
Native frames: (J=compiled Java code, j=interpreted, Vv=VM code, C=native code)
V  [jvm.dll+0x65524a]
V  [jvm.dll+0x79646f]
V  [jvm.dll+0x797b39]
V  [jvm.dll+0x7981e3]
V  [jvm.dll+0x254ee5]
V  [jvm.dll+0xb310c]
V  [jvm.dll+0xb371c]
V  [jvm.dll+0x35ed01]
V  [jvm.dll+0x1a1054]
V  [jvm.dll+0x20efad]
V  [jvm.dll+0x20de2d]
V  [jvm.dll+0x18b291]
V  [jvm.dll+0x21def4]
V  [jvm.dll+0x21c21c]
V  [jvm.dll+0x75a5f1]
V  [jvm.dll+0x752ef4]
V  [jvm.dll+0x6540f5]
C  [ucrtbase.dll+0x21bb2]
C  [KERNEL32.DLL+0x17374]
C  [ntdll.dll+0x4cc91]


---------------  P R O C E S S  ---------------

Threads class SMR info:
_java_thread_list=0x00000216a6792b70, length=12, elements={
0x000002168734b800, 0x00000216a4375800, 0x00000216a437f800, 0x00000216a43e0800,
0x00000216a43e1800, 0x00000216a43e4800, 0x00000216a438f800, 0x00000216a4394800,
0x00000216a4396800, 0x00000216a4e51000, 0x00000216a4f8c000, 0x00000216a502f800
}

Java Threads: ( => current thread )
  0x000002168734b800 JavaThread "main" [_thread_in_Java, id=15332, stack(0x000000f9bb200000,0x000000f9bb300000)]
  0x00000216a4375800 JavaThread "Reference Handler" daemon [_thread_blocked, id=10676, stack(0x000000f9bb900000,0x000000f9bba00000)]
  0x00000216a437f800 JavaThread "Finalizer" daemon [_thread_blocked, id=6580, stack(0x000000f9bba00000,0x000000f9bbb00000)]
  0x00000216a43e0800 JavaThread "Signal Dispatcher" daemon [_thread_blocked, id=6176, stack(0x000000f9bbb00000,0x000000f9bbc00000)]
  0x00000216a43e1800 JavaThread "Attach Listener" daemon [_thread_blocked, id=16260, stack(0x000000f9bbc00000,0x000000f9bbd00000)]
  0x00000216a43e4800 JavaThread "Service Thread" daemon [_thread_blocked, id=19312, stack(0x000000f9bbd00000,0x000000f9bbe00000)]
=>0x00000216a438f800 JavaThread "C2 CompilerThread0" daemon [_thread_in_native, id=8652, stack(0x000000f9bbe00000,0x000000f9bbf00000)]
  0x00000216a4394800 JavaThread "C1 CompilerThread0" daemon [_thread_blocked, id=20824, stack(0x000000f9bbf00000,0x000000f9bc000000)]
  0x00000216a4396800 JavaThread "Sweeper thread" daemon [_thread_blocked, id=2956, stack(0x000000f9bc000000,0x000000f9bc100000)]
  0x00000216a4e51000 JavaThread "Common-Cleaner" daemon [_thread_blocked, id=17852, stack(0x000000f9bc200000,0x000000f9bc300000)]
  0x00000216a4f8c000 JavaThread "surefire-forkedjvm-command-thread" daemon [_thread_in_native, id=16028, stack(0x000000f9bc300000,0x000000f9bc400000)]
  0x00000216a502f800 JavaThread "surefire-forkedjvm-ping-30s" daemon [_thread_blocked, id=20588, stack(0x000000f9bc400000,0x000000f9bc500000)]

Other Threads:
  0x00000216a434f000 VMThread "VM Thread" [stack: 0x000000f9bb800000,0x000000f9bb900000] [id=1628]
  0x00000216a4e4c000 WatcherThread [stack: 0x000000f9bc100000,0x000000f9bc200000] [id=10428]
  0x0000021687360800 GCTaskThread "GC Thread#0" [stack: 0x000000f9bb300000,0x000000f9bb400000] [id=2420]
  0x00000216a5425800 GCTaskThread "GC Thread#1" [stack: 0x000000f9bc500000,0x000000f9bc600000] [id=19460]
  0x00000216a6722800 GCTaskThread "GC Thread#2" [stack: 0x000000f9bc700000,0x000000f9bc800000] [id=16960]
  0x00000216a7c7a800 GCTaskThread "GC Thread#3" [stack: 0x000000f9bc800000,0x000000f9bc900000] [id=412]
  0x000002168737a800 ConcurrentGCThread "G1 Main Marker" [stack: 0x000000f9bb400000,0x000000f9bb500000] [id=2788]
  0x000002168737e000 ConcurrentGCThread "G1 Conc#0" [stack: 0x000000f9bb500000,0x000000f9bb600000] [id=21264]
  0x00000216873d8000 ConcurrentGCThread "G1 Refine#0" [stack: 0x000000f9bb600000,0x000000f9bb700000] [id=14160]
  0x00000216873d9000 ConcurrentGCThread "G1 Young RemSet Sampling" [stack: 0x000000f9bb700000,0x000000f9bb800000] [id=4424]

Threads with active compile tasks:
C2 CompilerThread0    12569 3013   !   4       jdk.internal.loader.BuiltinClassLoader::loadClassOrNull (143 bytes)

VM state:not at safepoint (normal execution)

VM Mutex/Monitor currently owned by a thread: None

Heap address: 0x00000000c1800000, size: 1000 MB, Compressed Oops mode: 32-bit
Narrow klass base: 0x0000000000000000, Narrow klass shift: 3
Compressed class space size: 1073741824 Address: 0x0000000100000000

Heap:
 garbage-first heap   total 98304K, used 19537K [0x00000000c1800000, 0x0000000100000000)
  region size 1024K, 8 young (8192K), 4 survivors (4096K)
 Metaspace       used 34896K, capacity 35965K, committed 36216K, reserved 1081344K
  class space    used 4205K, capacity 4652K, committed 4736K, reserved 1048576K
Heap Regions: E=young(eden), S=young(survivor), O=old, HS=humongous(starts), HC=humongous(continues), CS=collection set, F=free, A=archive, TAMS=top-at-mark-start (previous, next)
|   0|0x00000000c1800000, 0x00000000c1900000, 0x00000000c1900000|100%|HS|  |TAMS 0x00000000c1900000, 0x00000000c1800000| Complete 
|   1|0x00000000c1900000, 0x00000000c1a00000, 0x00000000c1a00000|100%| O|  |TAMS 0x00000000c1a00000, 0x00000000c1900000| Untracked 
|   2|0x00000000c1a00000, 0x00000000c1b00000, 0x00000000c1b00000|100%| O|  |TAMS 0x00000000c1b00000, 0x00000000c1a00000| Untracked 
|   3|0x00000000c1b00000, 0x00000000c1c00000, 0x00000000c1c00000|100%| O|  |TAMS 0x00000000c1c00000, 0x00000000c1b00000| Untracked 
|   4|0x00000000c1c00000, 0x00000000c1d00000, 0x00000000c1d00000|100%| O|  |TAMS 0x00000000c1d00000, 0x00000000c1c00000| Untracked 
|   5|0x00000000c1d00000, 0x00000000c1e00000, 0x00000000c1e00000|100%| O|  |TAMS 0x00000000c1e00000, 0x00000000c1d00000| Untracked 
|   6|0x00000000c1e00000, 0x00000000c1f00000, 0x00000000c1f00000|100%| O|  |TAMS 0x00000000c1f00000, 0x00000000c1e00000| Untracked 
|   7|0x00000000c1f00000, 0x00000000c2000000, 0x00000000c2000000|100%| O|  |TAMS 0x00000000c2000000, 0x00000000c1f00000| Untracked 
|   8|0x00000000c2000000, 0x00000000c2100000, 0x00000000c2100000|100%| O|  |TAMS 0x00000000c2100000, 0x00000000c2000000| Untracked 
|   9|0x00000000c2100000, 0x00000000c2200000, 0x00000000c2200000|100%| O|  |TAMS 0x00000000c2200000, 0x00000000c2100000| Untracked 
|  10|0x00000000c2200000, 0x00000000c2300000, 0x00000000c2300000|100%| O|  |TAMS 0x00000000c2300000, 0x00000000c2200000| Untracked 
|  11|0x00000000c2300000, 0x00000000c2400000, 0x00000000c2400000|100%| O|  |TAMS 0x00000000c2400000, 0x00000000c2300000| Untracked 
|  12|0x00000000c2400000, 0x00000000c24c0800, 0x00000000c2500000| 75%| O|  |TAMS 0x00000000c24c0800, 0x00000000c2400000| Untracked 
|  13|0x00000000c2500000, 0x00000000c2500000, 0x00000000c2600000|  0%| F|  |TAMS 0x00000000c2500000, 0x00000000c2500000| Untracked 
|  14|0x00000000c2600000, 0x00000000c2600000, 0x00000000c2700000|  0%| F|  |TAMS 0x00000000c2600000, 0x00000000c2600000| Untracked 
|  15|0x00000000c2700000, 0x00000000c2700000, 0x00000000c2800000|  0%| F|  |TAMS 0x00000000c2700000, 0x00000000c2700000| Untracked 
|  16|0x00000000c2800000, 0x00000000c2800000, 0x00000000c2900000|  0%| F|  |TAMS 0x00000000c2800000, 0x00000000c2800000| Untracked 
|  17|0x00000000c2900000, 0x00000000c2900000, 0x00000000c2a00000|  0%| F|  |TAMS 0x00000000c2900000, 0x00000000c2900000| Untracked 
|  18|0x00000000c2a00000, 0x00000000c2a00000, 0x00000000c2b00000|  0%| F|  |TAMS 0x00000000c2a00000, 0x00000000c2a00000| Untracked 
|  19|0x00000000c2b00000, 0x00000000c2b00000, 0x00000000c2c00000|  0%| F|  |TAMS 0x00000000c2b00000, 0x00000000c2b00000| Untracked 
|  20|0x00000000c2c00000, 0x00000000c2c00000, 0x00000000c2d00000|  0%| F|  |TAMS 0x00000000c2c00000, 0x00000000c2c00000| Untracked 
|  21|0x00000000c2d00000, 0x00000000c2d00000, 0x00000000c2e00000|  0%| F|  |TAMS 0x00000000c2d00000, 0x00000000c2d00000| Untracked 
|  22|0x00000000c2e00000, 0x00000000c2e00000, 0x00000000c2f00000|  0%| F|  |TAMS 0x00000000c2e00000, 0x00000000c2e00000| Untracked 
|  23|0x00000000c2f00000, 0x00000000c2f00000, 0x00000000c3000000|  0%| F|  |TAMS 0x00000000c2f00000, 0x00000000c2f00000| Untracked 
|  24|0x00000000c3000000, 0x00000000c3000000, 0x00000000c3100000|  0%| F|  |TAMS 0x00000000c3000000, 0x00000000c3000000| Untracked 
|  25|0x00000000c3100000, 0x00000000c3100000, 0x00000000c3200000|  0%| F|  |TAMS 0x00000000c3100000, 0x00000000c3100000| Untracked 
|  26|0x00000000c3200000, 0x00000000c3200000, 0x00000000c3300000|  0%| F|  |TAMS 0x00000000c3200000, 0x00000000c3200000| Untracked 
|  27|0x00000000c3300000, 0x00000000c3300000, 0x00000000c3400000|  0%| F|  |TAMS 0x00000000c3300000, 0x00000000c3300000| Untracked 
|  28|0x00000000c3400000, 0x00000000c3400000, 0x00000000c3500000|  0%| F|  |TAMS 0x00000000c3400000, 0x00000000c3400000| Untracked 
|  29|0x00000000c3500000, 0x00000000c3500000, 0x00000000c3600000|  0%| F|  |TAMS 0x00000000c3500000, 0x00000000c3500000| Untracked 
|  30|0x00000000c3600000, 0x00000000c3600000, 0x00000000c3700000|  0%| F|  |TAMS 0x00000000c3600000, 0x00000000c3600000| Untracked 
|  31|0x00000000c3700000, 0x00000000c3700000, 0x00000000c3800000|  0%| F|  |TAMS 0x00000000c3700000, 0x00000000c3700000| Untracked 
|  32|0x00000000c3800000, 0x00000000c3800000, 0x00000000c3900000|  0%| F|  |TAMS 0x00000000c3800000, 0x00000000c3800000| Untracked 
|  33|0x00000000c3900000, 0x00000000c3900000, 0x00000000c3a00000|  0%| F|  |TAMS 0x00000000c3900000, 0x00000000c3900000| Untracked 
|  34|0x00000000c3a00000, 0x00000000c3a00000, 0x00000000c3b00000|  0%| F|  |TAMS 0x00000000c3a00000, 0x00000000c3a00000| Untracked 
|  35|0x00000000c3b00000, 0x00000000c3b00000, 0x00000000c3c00000|  0%| F|  |TAMS 0x00000000c3b00000, 0x00000000c3b00000| Untracked 
|  36|0x00000000c3c00000, 0x00000000c3c00000, 0x00000000c3d00000|  0%| F|  |TAMS 0x00000000c3c00000, 0x00000000c3c00000| Untracked 
|  37|0x00000000c3d00000, 0x00000000c3d00000, 0x00000000c3e00000|  0%| F|  |TAMS 0x00000000c3d00000, 0x00000000c3d00000| Untracked 
|  38|0x00000000c3e00000, 0x00000000c3e00000, 0x00000000c3f00000|  0%| F|  |TAMS 0x00000000c3e00000, 0x00000000c3e00000| Untracked 
|  39|0x00000000c3f00000, 0x00000000c3f00000, 0x00000000c4000000|  0%| F|  |TAMS 0x00000000c3f00000, 0x00000000c3f00000| Untracked 
|  40|0x00000000c4000000, 0x00000000c4000000, 0x00000000c4100000|  0%| F|  |TAMS 0x00000000c4000000, 0x00000000c4000000| Untracked 
|  41|0x00000000c4100000, 0x00000000c4100000, 0x00000000c4200000|  0%| F|  |TAMS 0x00000000c4100000, 0x00000000c4100000| Untracked 
|  42|0x00000000c4200000, 0x00000000c4200000, 0x00000000c4300000|  0%| F|  |TAMS 0x00000000c4200000, 0x00000000c4200000| Untracked 
|  43|0x00000000c4300000, 0x00000000c4300000, 0x00000000c4400000|  0%| F|  |TAMS 0x00000000c4300000, 0x00000000c4300000| Untracked 
|  44|0x00000000c4400000, 0x00000000c4400000, 0x00000000c4500000|  0%| F|  |TAMS 0x00000000c4400000, 0x00000000c4400000| Untracked 
|  45|0x00000000c4500000, 0x00000000c4500000, 0x00000000c4600000|  0%| F|  |TAMS 0x00000000c4500000, 0x00000000c4500000| Untracked 
|  46|0x00000000c4600000, 0x00000000c4600000, 0x00000000c4700000|  0%| F|  |TAMS 0x00000000c4600000, 0x00000000c4600000| Untracked 
|  47|0x00000000c4700000, 0x00000000c4700000, 0x00000000c4800000|  0%| F|  |TAMS 0x00000000c4700000, 0x00000000c4700000| Untracked 
|  48|0x00000000c4800000, 0x00000000c4800000, 0x00000000c4900000|  0%| F|  |TAMS 0x00000000c4800000, 0x00000000c4800000| Untracked 
|  49|0x00000000c4900000, 0x00000000c4900000, 0x00000000c4a00000|  0%| F|  |TAMS 0x00000000c4900000, 0x00000000c4900000| Untracked 
|  50|0x00000000c4a00000, 0x00000000c4a00000, 0x00000000c4b00000|  0%| F|  |TAMS 0x00000000c4a00000, 0x00000000c4a00000| Untracked 
|  51|0x00000000c4b00000, 0x00000000c4b00000, 0x00000000c4c00000|  0%| F|  |TAMS 0x00000000c4b00000, 0x00000000c4b00000| Untracked 
|  52|0x00000000c4c00000, 0x00000000c4c00000, 0x00000000c4d00000|  0%| F|  |TAMS 0x00000000c4c00000, 0x00000000c4c00000| Untracked 
|  53|0x00000000c4d00000, 0x00000000c4d00000, 0x00000000c4e00000|  0%| F|  |TAMS 0x00000000c4d00000, 0x00000000c4d00000| Untracked 
|  54|0x00000000c4e00000, 0x00000000c4e00000, 0x00000000c4f00000|  0%| F|  |TAMS 0x00000000c4e00000, 0x00000000c4e00000| Untracked 
|  55|0x00000000c4f00000, 0x00000000c4f00000, 0x00000000c5000000|  0%| F|  |TAMS 0x00000000c4f00000, 0x00000000c4f00000| Untracked 
|  56|0x00000000c5000000, 0x00000000c5000000, 0x00000000c5100000|  0%| F|  |TAMS 0x00000000c5000000, 0x00000000c5000000| Untracked 
|  57|0x00000000c5100000, 0x00000000c5100000, 0x00000000c5200000|  0%| F|  |TAMS 0x00000000c5100000, 0x00000000c5100000| Untracked 
|  58|0x00000000c5200000, 0x00000000c5253dd0, 0x00000000c5300000| 32%| S|CS|TAMS 0x00000000c5200000, 0x00000000c5200000| Complete 
|  59|0x00000000c5300000, 0x00000000c5400000, 0x00000000c5400000|100%| S|CS|TAMS 0x00000000c5300000, 0x00000000c5300000| Complete 
|  60|0x00000000c5400000, 0x00000000c5500000, 0x00000000c5500000|100%| S|CS|TAMS 0x00000000c5400000, 0x00000000c5400000| Complete 
|  61|0x00000000c5500000, 0x00000000c5600000, 0x00000000c5600000|100%| S|CS|TAMS 0x00000000c5500000, 0x00000000c5500000| Complete 
|  62|0x00000000c5600000, 0x00000000c5600000, 0x00000000c5700000|  0%| F|  |TAMS 0x00000000c5600000, 0x00000000c5600000| Untracked 
|  63|0x00000000c5700000, 0x00000000c5700000, 0x00000000c5800000|  0%| F|  |TAMS 0x00000000c5700000, 0x00000000c5700000| Untracked 
|  64|0x00000000c5800000, 0x00000000c5800000, 0x00000000c5900000|  0%| F|  |TAMS 0x00000000c5800000, 0x00000000c5800000| Untracked 
|  65|0x00000000c5900000, 0x00000000c5900000, 0x00000000c5a00000|  0%| F|  |TAMS 0x00000000c5900000, 0x00000000c5900000| Untracked 
|  66|0x00000000c5a00000, 0x00000000c5a00000, 0x00000000c5b00000|  0%| F|  |TAMS 0x00000000c5a00000, 0x00000000c5a00000| Untracked 
|  67|0x00000000c5b00000, 0x00000000c5b00000, 0x00000000c5c00000|  0%| F|  |TAMS 0x00000000c5b00000, 0x00000000c5b00000| Untracked 
|  68|0x00000000c5c00000, 0x00000000c5c00000, 0x00000000c5d00000|  0%| F|  |TAMS 0x00000000c5c00000, 0x00000000c5c00000| Untracked 
|  69|0x00000000c5d00000, 0x00000000c5d00000, 0x00000000c5e00000|  0%| F|  |TAMS 0x00000000c5d00000, 0x00000000c5d00000| Untracked 
|  70|0x00000000c5e00000, 0x00000000c5e00000, 0x00000000c5f00000|  0%| F|  |TAMS 0x00000000c5e00000, 0x00000000c5e00000| Untracked 
|  71|0x00000000c5f00000, 0x00000000c5f00000, 0x00000000c6000000|  0%| F|  |TAMS 0x00000000c5f00000, 0x00000000c5f00000| Untracked 
|  72|0x00000000c6000000, 0x00000000c6000000, 0x00000000c6100000|  0%| F|  |TAMS 0x00000000c6000000, 0x00000000c6000000| Untracked 
|  73|0x00000000c6100000, 0x00000000c6100000, 0x00000000c6200000|  0%| F|  |TAMS 0x00000000c6100000, 0x00000000c6100000| Untracked 
|  74|0x00000000c6200000, 0x00000000c6200000, 0x00000000c6300000|  0%| F|  |TAMS 0x00000000c6200000, 0x00000000c6200000| Untracked 
|  75|0x00000000c6300000, 0x00000000c6300000, 0x00000000c6400000|  0%| F|  |TAMS 0x00000000c6300000, 0x00000000c6300000| Untracked 
|  76|0x00000000c6400000, 0x00000000c6400000, 0x00000000c6500000|  0%| F|  |TAMS 0x00000000c6400000, 0x00000000c6400000| Untracked 
|  77|0x00000000c6500000, 0x00000000c6500000, 0x00000000c6600000|  0%| F|  |TAMS 0x00000000c6500000, 0x00000000c6500000| Untracked 
|  78|0x00000000c6600000, 0x00000000c6600000, 0x00000000c6700000|  0%| F|  |TAMS 0x00000000c6600000, 0x00000000c6600000| Untracked 
|  79|0x00000000c6700000, 0x00000000c6700000, 0x00000000c6800000|  0%| F|  |TAMS 0x00000000c6700000, 0x00000000c6700000| Untracked 
|  80|0x00000000c6800000, 0x00000000c6800000, 0x00000000c6900000|  0%| F|  |TAMS 0x00000000c6800000, 0x00000000c6800000| Untracked 
|  81|0x00000000c6900000, 0x00000000c6900000, 0x00000000c6a00000|  0%| F|  |TAMS 0x00000000c6900000, 0x00000000c6900000| Untracked 
|  82|0x00000000c6a00000, 0x00000000c6a00000, 0x00000000c6b00000|  0%| F|  |TAMS 0x00000000c6a00000, 0x00000000c6a00000| Untracked 
|  83|0x00000000c6b00000, 0x00000000c6b00000, 0x00000000c6c00000|  0%| F|  |TAMS 0x00000000c6b00000, 0x00000000c6b00000| Untracked 
|  84|0x00000000c6c00000, 0x00000000c6c00000, 0x00000000c6d00000|  0%| F|  |TAMS 0x00000000c6c00000, 0x00000000c6c00000| Untracked 
|  85|0x00000000c6d00000, 0x00000000c6d00000, 0x00000000c6e00000|  0%| F|  |TAMS 0x00000000c6d00000, 0x00000000c6d00000| Untracked 
|  86|0x00000000c6e00000, 0x00000000c6e00000, 0x00000000c6f00000|  0%| F|  |TAMS 0x00000000c6e00000, 0x00000000c6e00000| Untracked 
|  87|0x00000000c6f00000, 0x00000000c6f00000, 0x00000000c7000000|  0%| F|  |TAMS 0x00000000c6f00000, 0x00000000c6f00000| Untracked 
|  88|0x00000000c7000000, 0x00000000c7000000, 0x00000000c7100000|  0%| F|  |TAMS 0x00000000c7000000, 0x00000000c7000000| Untracked 
|  89|0x00000000c7100000, 0x00000000c7100000, 0x00000000c7200000|  0%| F|  |TAMS 0x00000000c7100000, 0x00000000c7100000| Untracked 
|  90|0x00000000c7200000, 0x00000000c7200000, 0x00000000c7300000|  0%| F|  |TAMS 0x00000000c7200000, 0x00000000c7200000| Untracked 
|  91|0x00000000c7300000, 0x00000000c7300000, 0x00000000c7400000|  0%| F|  |TAMS 0x00000000c7300000, 0x00000000c7300000| Untracked 
|  92|0x00000000c7400000, 0x00000000c7500000, 0x00000000c7500000|100%| E|  |TAMS 0x00000000c7400000, 0x00000000c7400000| Complete 
|  93|0x00000000c7500000, 0x00000000c7600000, 0x00000000c7600000|100%| E|CS|TAMS 0x00000000c7500000, 0x00000000c7500000| Complete 
|  94|0x00000000c7600000, 0x00000000c7700000, 0x00000000c7700000|100%| E|CS|TAMS 0x00000000c7600000, 0x00000000c7600000| Complete 
|  95|0x00000000c7700000, 0x00000000c7800000, 0x00000000c7800000|100%| E|CS|TAMS 0x00000000c7700000, 0x00000000c7700000| Complete 

Card table byte_map: [0x000002169fa50000,0x000002169fc50000] _byte_map_base: 0x000002169f444000

Marking Bits (Prev, Next): (CMBitMap*) 0x0000021687375c78, (CMBitMap*) 0x0000021687375cb0
 Prev Bits: [0x000002169fe50000, 0x00000216a0df0000)
 Next Bits: [0x00000216a0df0000, 0x00000216a1d90000)

Polling page: 0x0000021687420000

Metaspace:

Usage:
  Non-class:     30.58 MB capacity,    29.99 MB ( 98%) used,   483.55 KB (  2%) free+waste,   121.62 KB ( <1%) overhead. 
      Class:      4.54 MB capacity,     4.11 MB ( 90%) used,   383.12 KB (  8%) free+waste,    62.75 KB (  1%) overhead. 
       Both:     35.12 MB capacity,    34.10 MB ( 97%) used,   866.68 KB (  2%) free+waste,   184.38 KB ( <1%) overhead. 

Virtual space:
  Non-class space:       32.00 MB reserved,      30.74 MB ( 96%) committed 
      Class space:        1.00 GB reserved,       4.62 MB ( <1%) committed 
             Both:        1.03 GB reserved,      35.37 MB (  3%) committed 

Chunk freelists:
   Non-Class:  5.88 KB
       Class:  2.50 KB
        Both:  8.38 KB

CodeHeap 'non-profiled nmethods': size=120064Kb used=1291Kb max_used=1291Kb free=118772Kb
 bounds [0x0000021697cf0000, 0x0000021697f60000, 0x000002169f230000]
CodeHeap 'profiled nmethods': size=120000Kb used=7116Kb max_used=7116Kb free=112884Kb
 bounds [0x00000216907c0000, 0x0000021690ec0000, 0x0000021697cf0000]
CodeHeap 'non-nmethods': size=5696Kb used=1124Kb max_used=1155Kb free=4571Kb
 bounds [0x0000021690230000, 0x00000216904a0000, 0x00000216907c0000]
 total_blobs=3617 nmethods=3169 adapters=359
 compilation: enabled
              stopped_count=0, restarted_count=0
 full_count=0

Compilation events (10 events):
Event: 12.271 Thread 0x00000216a4394800 3188       2       org.springframework.beans.factory.support.AbstractBeanFactory::getType (7 bytes)
Event: 12.271 Thread 0x00000216a4394800 nmethod 3188 0x0000021690eb0910 code [0x0000021690eb0aa0, 0x0000021690eb0ba8]
Event: 12.271 Thread 0x00000216a4394800 3190       2       org.springframework.core.type.classreading.SimpleAnnotationMetadata::getAnnotatedMethods (78 bytes)
Event: 12.272 Thread 0x00000216a4394800 nmethod 3190 0x0000021690eb0c90 code [0x0000021690eb0e80, 0x0000021690eb1268]
Event: 12.272 Thread 0x00000216a4394800 3191       2       org.springframework.beans.factory.support.AbstractBeanDefinition::resolveBeanClass (24 bytes)
Event: 12.273 Thread 0x00000216a4394800 nmethod 3191 0x0000021690eb1490 code [0x0000021690eb1640, 0x0000021690eb18d8]
Event: 12.273 Thread 0x00000216a4394800 3192       1       org.springframework.context.annotation.ConfigurationClassBeanDefinitionReader$ConfigurationClassBeanDefinition::getFactoryMethodMetadata (5 bytes)
Event: 12.273 Thread 0x00000216a4394800 nmethod 3192 0x0000021697e32990 code [0x0000021697e32b20, 0x0000021697e32bd8]
Event: 12.273 Thread 0x00000216a4394800 3189       2       org.springframework.core.MethodParameter::<init> (30 bytes)
Event: 12.275 Thread 0x00000216a4394800 nmethod 3189 0x0000021690eb1a10 code [0x0000021690eb1be0, 0x0000021690eb1fa8]

GC Heap History (10 events):
Event: 6.850 GC heap before
{Heap before GC invocations=7 (full 0):
 garbage-first heap   total 78848K, used 38111K [0x00000000c1800000, 0x0000000100000000)
  region size 1024K, 30 young (30720K), 3 survivors (3072K)
 Metaspace       used 24500K, capacity 25299K, committed 25472K, reserved 1071104K
  class space    used 2788K, capacity 3119K, committed 3200K, reserved 1048576K
}
Event: 6.908 GC heap after
{Heap after GC invocations=8 (full 0):
 garbage-first heap   total 78848K, used 12334K [0x00000000c1800000, 0x0000000100000000)
  region size 1024K, 3 young (3072K), 3 survivors (3072K)
 Metaspace       used 24500K, capacity 25299K, committed 25472K, reserved 1071104K
  class space    used 2788K, capacity 3119K, committed 3200K, reserved 1048576K
}
Event: 7.724 GC heap before
{Heap before GC invocations=8 (full 0):
 garbage-first heap   total 78848K, used 42030K [0x00000000c1800000, 0x0000000100000000)
  region size 1024K, 33 young (33792K), 3 survivors (3072K)
 Metaspace       used 28452K, capacity 29267K, committed 29568K, reserved 1075200K
  class space    used 3296K, capacity 3658K, committed 3712K, reserved 1048576K
}
Event: 7.733 GC heap after
{Heap after GC invocations=9 (full 0):
 garbage-first heap   total 78848K, used 13444K [0x00000000c1800000, 0x0000000100000000)
  region size 1024K, 4 young (4096K), 4 survivors (4096K)
 Metaspace       used 28452K, capacity 29267K, committed 29568K, reserved 1075200K
  class space    used 3296K, capacity 3658K, committed 3712K, reserved 1048576K
}
Event: 9.332 GC heap before
{Heap before GC invocations=9 (full 0):
 garbage-first heap   total 78848K, used 45188K [0x00000000c1800000, 0x0000000100000000)
  region size 1024K, 36 young (36864K), 4 survivors (4096K)
 Metaspace       used 30227K, capacity 31152K, committed 31232K, reserved 1077248K
  class space    used 3466K, capacity 3833K, committed 3840K, reserved 1048576K
}
Event: 9.347 GC heap after
{Heap after GC invocations=10 (full 0):
 garbage-first heap   total 78848K, used 14800K [0x00000000c1800000, 0x0000000100000000)
  region size 1024K, 4 young (4096K), 4 survivors (4096K)
 Metaspace       used 30227K, capacity 31152K, committed 31232K, reserved 1077248K
  class space    used 3466K, capacity 3833K, committed 3840K, reserved 1048576K
}
Event: 11.714 GC heap before
{Heap before GC invocations=10 (full 0):
 garbage-first heap   total 78848K, used 52688K [0x00000000c1800000, 0x0000000100000000)
  region size 1024K, 41 young (41984K), 4 survivors (4096K)
 Metaspace       used 33548K, capacity 34540K, committed 34688K, reserved 1079296K
  class space    used 4016K, capacity 4457K, committed 4480K, reserved 1048576K
}
Event: 11.738 GC heap after
{Heap after GC invocations=11 (full 0):
 garbage-first heap   total 78848K, used 15533K [0x00000000c1800000, 0x0000000100000000)
  region size 1024K, 4 young (4096K), 4 survivors (4096K)
 Metaspace       used 33548K, capacity 34540K, committed 34688K, reserved 1079296K
  class space    used 4016K, capacity 4457K, committed 4480K, reserved 1048576K
}
Event: 12.319 GC heap before
{Heap before GC invocations=11 (full 0):
 garbage-first heap   total 78848K, used 29869K [0x00000000c1800000, 0x0000000100000000)
  region size 1024K, 19 young (19456K), 4 survivors (4096K)
 Metaspace       used 34528K, capacity 35517K, committed 35584K, reserved 1081344K
  class space    used 4159K, capacity 4588K, committed 4608K, reserved 1048576K
}
Event: 12.339 GC heap after
{Heap after GC invocations=12 (full 0):
 garbage-first heap   total 98304K, used 16465K [0x00000000c1800000, 0x0000000100000000)
  region size 1024K, 4 young (4096K), 4 survivors (4096K)
 Metaspace       used 34528K, capacity 35517K, committed 35584K, reserved 1081344K
  class space    used 4159K, capacity 4588K, committed 4608K, reserved 1048576K
}

Deoptimization events (10 events):
Event: 8.060 Thread 0x000002168734b800 Uncommon trap: reason=class_check action=maybe_recompile pc=0x0000021697d53260 method=java.util.HashMap.putVal(ILjava/lang/Object;Ljava/lang/Object;ZZ)Ljava/lang/Object; @ 203 c2
Event: 8.660 Thread 0x000002168734b800 Uncommon trap: reason=bimorphic_or_optimized_type_check action=maybe_recompile pc=0x0000021697de1a4c method=java.util.HashMap.putVal(ILjava/lang/Object;Ljava/lang/Object;ZZ)Ljava/lang/Object; @ 203 c2
Event: 8.783 Thread 0x000002168734b800 Uncommon trap: reason=bimorphic_or_optimized_type_check action=maybe_recompile pc=0x0000021697de1a4c method=java.util.HashMap.putVal(ILjava/lang/Object;Ljava/lang/Object;ZZ)Ljava/lang/Object; @ 203 c2
Event: 8.783 Thread 0x000002168734b800 Uncommon trap: reason=bimorphic_or_optimized_type_check action=maybe_recompile pc=0x0000021697de1a4c method=java.util.HashMap.putVal(ILjava/lang/Object;Ljava/lang/Object;ZZ)Ljava/lang/Object; @ 203 c2
Event: 8.867 Thread 0x000002168734b800 Uncommon trap: reason=bimorphic_or_optimized_type_check action=maybe_recompile pc=0x0000021697de1a4c method=java.util.HashMap.putVal(ILjava/lang/Object;Ljava/lang/Object;ZZ)Ljava/lang/Object; @ 203 c2
Event: 8.867 Thread 0x000002168734b800 Uncommon trap: reason=bimorphic_or_optimized_type_check action=maybe_recompile pc=0x0000021697de31e4 method=java.util.HashMap.putVal(ILjava/lang/Object;Ljava/lang/Object;ZZ)Ljava/lang/Object; @ 203 c2
Event: 9.261 Thread 0x000002168734b800 Uncommon trap: reason=intrinsic_or_type_checked_inlining action=make_not_entrant pc=0x0000021697dfb874 method=java.util.ArrayList.toArray([Ljava/lang/Object;)[Ljava/lang/Object; @ 36 c2
Event: 9.689 Thread 0x000002168734b800 Uncommon trap: reason=unstable_if action=reinterpret pc=0x0000021697dfcbdc method=org.springframework.core.annotation.MergedAnnotationsCollection.isMappingForType(Lorg/springframework/core/annotation/AnnotationTypeMapping;Ljava/lang/Object;)Z @ 13 c2
Event: 10.029 Thread 0x000002168734b800 Uncommon trap: reason=unstable_if action=reinterpret pc=0x0000021697dadc1c method=java.util.Arrays.equals([Ljava/lang/Object;[Ljava/lang/Object;)Z @ 44 c2
Event: 10.893 Thread 0x000002168734b800 Uncommon trap: reason=class_check action=maybe_recompile pc=0x0000021697df8024 method=org.springframework.util.ConcurrentReferenceHashMap$Segment.findInChain(Lorg/springframework/util/ConcurrentReferenceHashMap$Reference;Ljava/lang/Object;I)Lorg/springfra

Classes redefined (0 events):
No events

Internal exceptions (10 events):
Event: 7.591 Thread 0x00000216a623a000 Exception <a 'java/lang/NoSuchMethodError'{0x00000000c4c0b150}: java.lang.invoke.DirectMethodHandle$Holder.invokeStatic(Ljava/lang/Object;Ljava/lang/Object;)J> (0x00000000c4c0b150) thrown at [./open/src/hotspot/share/interpreter/linkResolver.cpp, line 772
Event: 7.592 Thread 0x00000216a623a000 Exception <a 'java/lang/NoSuchMethodError'{0x00000000c4c0e0e8}: java.lang.invoke.DirectMethodHandle$Holder.invokeStaticInit(Ljava/lang/Object;Ljava/lang/Object;)J> (0x00000000c4c0e0e8) thrown at [./open/src/hotspot/share/interpreter/linkResolver.cpp, line
Event: 7.596 Thread 0x00000216a623a000 Exception <a 'java/lang/NoSuchMethodError'{0x00000000c4c1a5a8}: java.lang.invoke.DirectMethodHandle$Holder.invokeInterface(Ljava/lang/Object;Ljava/lang/Object;)J> (0x00000000c4c1a5a8) thrown at [./open/src/hotspot/share/interpreter/linkResolver.cpp, line 
Event: 7.597 Thread 0x00000216a623a000 Exception <a 'java/lang/IncompatibleClassChangeError'{0x00000000c4c1d340}: Found class java.lang.Object, but interface was expected> (0x00000000c4c1d340) thrown at [./open/src/hotspot/share/interpreter/linkResolver.cpp, line 838]
Event: 7.668 Thread 0x00000216a623a000 Exception <a 'java/lang/NoSuchMethodError'{0x00000000c4a2f5d8}: java.lang.invoke.DirectMethodHandle$Holder.invokeVirtual(Ljava/lang/Object;Ljava/lang/Object;Ljava/lang/Object;Ljava/lang/Object;)Ljava/lang/Object;> (0x00000000c4a2f5d8) thrown at [./open/sr
Event: 7.870 Thread 0x000002168734b800 Exception <a 'java/lang/IncompatibleClassChangeError'{0x00000000c5fae278}: Found class java.lang.Object, but interface was expected> (0x00000000c5fae278) thrown at [./open/src/hotspot/share/interpreter/linkResolver.cpp, line 838]
Event: 10.903 Thread 0x000002168734b800 Exception <a 'java/lang/NoSuchMethodError'{0x00000000c4f037f0}: java.lang.invoke.DirectMethodHandle$Holder.invokeStatic(Ljava/lang/Object;Ljava/lang/Object;Ljava/lang/Object;Ljava/lang/Object;I)Ljava/lang/Object;> (0x00000000c4f037f0) thrown at [./open/sr
Event: 11.524 Thread 0x000002168734b800 Exception <a 'java/lang/NoSuchMethodError'{0x00000000c4284590}: java.lang.invoke.DirectMethodHandle$Holder.invokeStaticInit(Ljava/lang/Object;)I> (0x00000000c4284590) thrown at [./open/src/hotspot/share/interpreter/linkResolver.cpp, line 772]
Event: 11.526 Thread 0x000002168734b800 Exception <a 'java/lang/NoSuchMethodError'{0x00000000c4289b48}: java.lang.invoke.DirectMethodHandle$Holder.invokeVirtual(Ljava/lang/Object;Ljava/lang/Object;Ljava/lang/Object;)I> (0x00000000c4289b48) thrown at [./open/src/hotspot/share/interpreter/linkRes
Event: 11.558 Thread 0x000002168734b800 Exception <a 'java/lang/NoSuchMethodError'{0x00000000c4121e58}: java.lang.invoke.DirectMethodHandle$Holder.invokeSpecialIFC(Ljava/lang/Object;Ljava/lang/Object;Ljava/lang/Object;)Ljava/lang/Object;> (0x00000000c4121e58) thrown at [./open/src/hotspot/share

Events (10 events):
Event: 12.431 loading class org/springframework/cglib/core/ReflectUtils$2
Event: 12.431 loading class org/springframework/cglib/core/ReflectUtils$2 done
Event: 12.432 loading class org/springframework/cglib/core/ReflectUtils$3
Event: 12.432 loading class org/springframework/cglib/core/ReflectUtils$3 done
Event: 12.434 loading class org/springframework/cglib/core/ReflectUtils$5
Event: 12.434 loading class org/springframework/cglib/core/ReflectUtils$5 done
Event: 12.435 loading class org/springframework/cglib/core/ReflectUtils$4
Event: 12.435 loading class org/springframework/cglib/core/ReflectUtils$4 done
Event: 12.452 loading class org/springframework/cglib/core/WeakCacheKey
Event: 12.452 loading class org/springframework/cglib/core/WeakCacheKey done


Dynamic libraries:
0x00007ff6c53c0000 - 0x00007ff6c53d0000 	C:\Program Files\Java\jdk-11\bin\java.exe
0x00007ffb88ff0000 - 0x00007ffb891e8000 	C:\WINDOWS\SYSTEM32\ntdll.dll
0x00007ffb870d0000 - 0x00007ffb87192000 	C:\WINDOWS\System32\KERNEL32.DLL
0x00007ffb86a10000 - 0x00007ffb86d0e000 	C:\WINDOWS\System32\KERNELBASE.dll
0x00007ffb86d10000 - 0x00007ffb86e10000 	C:\WINDOWS\System32\ucrtbase.dll
0x00007ffb80180000 - 0x00007ffb8019b000 	C:\Program Files\Java\jdk-11\bin\VCRUNTIME140.dll
0x00007ffb802a0000 - 0x00007ffb802b9000 	C:\Program Files\Java\jdk-11\bin\jli.dll
0x00007ffb88650000 - 0x00007ffb88700000 	C:\WINDOWS\System32\ADVAPI32.dll
0x00007ffb88f10000 - 0x00007ffb88fae000 	C:\WINDOWS\System32\msvcrt.dll
0x00007ffb87540000 - 0x00007ffb875e0000 	C:\WINDOWS\System32\sechost.dll
0x00007ffb88d10000 - 0x00007ffb88e33000 	C:\WINDOWS\System32\RPCRT4.dll
0x00007ffb86ff0000 - 0x00007ffb87017000 	C:\WINDOWS\System32\bcrypt.dll
0x00007ffb88b70000 - 0x00007ffb88d0d000 	C:\WINDOWS\System32\USER32.dll
0x00007ffb86ea0000 - 0x00007ffb86ec2000 	C:\WINDOWS\System32\win32u.dll
0x00007ffb7cc30000 - 0x00007ffb7ceca000 	C:\WINDOWS\WinSxS\amd64_microsoft.windows.common-controls_6595b64144ccf1df_6.0.19041.4355_none_60b8b9eb71f62e16\COMCTL32.dll
0x00007ffb87fd0000 - 0x00007ffb87ffb000 	C:\WINDOWS\System32\GDI32.dll
0x00007ffb86ed0000 - 0x00007ffb86fe7000 	C:\WINDOWS\System32\gdi32full.dll
0x00007ffb866a0000 - 0x00007ffb8673d000 	C:\WINDOWS\System32\msvcp_win.dll
0x00007ffb7edf0000 - 0x00007ffb7edfa000 	C:\WINDOWS\SYSTEM32\VERSION.dll
0x00007ffb873f0000 - 0x00007ffb8741f000 	C:\WINDOWS\System32\IMM32.DLL
0x00007ffb81440000 - 0x00007ffb8144c000 	C:\Program Files\Java\jdk-11\bin\vcruntime140_1.dll
0x00007ffb5c8e0000 - 0x00007ffb5c96e000 	C:\Program Files\Java\jdk-11\bin\msvcp140.dll
0x00007ffb15190000 - 0x00007ffb15cee000 	C:\Program Files\Java\jdk-11\bin\server\jvm.dll
0x00007ffb87790000 - 0x00007ffb87798000 	C:\WINDOWS\System32\PSAPI.DLL
0x00007ffb81520000 - 0x00007ffb81529000 	C:\WINDOWS\SYSTEM32\WSOCK32.dll
0x00007ffb7c980000 - 0x00007ffb7c9a7000 	C:\WINDOWS\SYSTEM32\WINMM.dll
0x00007ffb88000000 - 0x00007ffb8806b000 	C:\WINDOWS\System32\WS2_32.dll
0x00007ffb844e0000 - 0x00007ffb844f2000 	C:\WINDOWS\SYSTEM32\kernel.appcore.dll
0x00007ffb81400000 - 0x00007ffb81410000 	C:\Program Files\Java\jdk-11\bin\verify.dll
0x00007ffb75ec0000 - 0x00007ffb760a4000 	C:\WINDOWS\SYSTEM32\DBGHELP.DLL
0x00007ffb75980000 - 0x00007ffb759b4000 	C:\WINDOWS\SYSTEM32\dbgcore.DLL
0x00007ffb86e10000 - 0x00007ffb86e92000 	C:\WINDOWS\System32\bcryptPrimitives.dll
0x00007ffb70110000 - 0x00007ffb70138000 	C:\Program Files\Java\jdk-11\bin\java.dll
0x00007ffb80170000 - 0x00007ffb8017a000 	C:\Program Files\Java\jdk-11\bin\jimage.dll
0x00007ffb6bc90000 - 0x00007ffb6bca7000 	C:\Program Files\Java\jdk-11\bin\zip.dll
0x00007ffb87860000 - 0x00007ffb87fcf000 	C:\WINDOWS\System32\SHELL32.dll
0x00007ffb846e0000 - 0x00007ffb84e84000 	C:\WINDOWS\SYSTEM32\windows.storage.dll
0x00007ffb882f0000 - 0x00007ffb88643000 	C:\WINDOWS\System32\combase.dll
0x00007ffb85ff0000 - 0x00007ffb8601e000 	C:\WINDOWS\SYSTEM32\Wldp.dll
0x00007ffb881a0000 - 0x00007ffb8826d000 	C:\WINDOWS\System32\OLEAUT32.dll
0x00007ffb87280000 - 0x00007ffb8732d000 	C:\WINDOWS\System32\SHCORE.dll
0x00007ffb88e40000 - 0x00007ffb88e95000 	C:\WINDOWS\System32\shlwapi.dll
0x00007ffb865d0000 - 0x00007ffb865f4000 	C:\WINDOWS\SYSTEM32\profapi.dll
0x00007ffb6bbf0000 - 0x00007ffb6bc09000 	C:\Program Files\Java\jdk-11\bin\net.dll
0x00007ffb7c360000 - 0x00007ffb7c46d000 	C:\WINDOWS\SYSTEM32\WINHTTP.dll
0x00007ffb85dd0000 - 0x00007ffb85e3a000 	C:\WINDOWS\system32\mswsock.dll
0x00007ffb6bb10000 - 0x00007ffb6bb22000 	C:\Program Files\Java\jdk-11\bin\nio.dll
0x00007ffb80150000 - 0x00007ffb80159000 	C:\Program Files\Java\jdk-11\bin\management.dll
0x00007ffb79770000 - 0x00007ffb7977b000 	C:\Program Files\Java\jdk-11\bin\management_ext.dll
0x00007ffb85a80000 - 0x00007ffb85abb000 	C:\WINDOWS\SYSTEM32\IPHLPAPI.DLL
0x00007ffb88f00000 - 0x00007ffb88f08000 	C:\WINDOWS\System32\NSI.dll
0x00007ffb7eed0000 - 0x00007ffb7eee7000 	C:\WINDOWS\SYSTEM32\dhcpcsvc6.DLL
0x00007ffb7eea0000 - 0x00007ffb7eebd000 	C:\WINDOWS\SYSTEM32\dhcpcsvc.DLL
0x00007ffb85ac0000 - 0x00007ffb85b8a000 	C:\WINDOWS\SYSTEM32\DNSAPI.dll
0x00007ffb791f0000 - 0x00007ffb791fa000 	C:\Windows\System32\rasadhlp.dll
0x00007ffb792b0000 - 0x00007ffb79330000 	C:\WINDOWS\System32\fwpuclnt.dll
0x00007ffb75a80000 - 0x00007ffb75a97000 	C:\WINDOWS\system32\napinsp.dll
0x00007ffb70ae0000 - 0x00007ffb70afb000 	C:\WINDOWS\system32\pnrpnsp.dll
0x00007ffb81390000 - 0x00007ffb813a5000 	C:\WINDOWS\system32\wshbth.dll
0x00007ffb813c0000 - 0x00007ffb813dd000 	C:\WINDOWS\system32\NLAapi.dll
0x00007ffb70910000 - 0x00007ffb70922000 	C:\WINDOWS\System32\winrnr.dll

dbghelp: loaded successfully - version: 4.0.5 - missing functions: none
symbol engine: initialized successfully - sym options: 0x614 - pdb path: .;C:\Program Files\Java\jdk-11\bin;C:\WINDOWS\SYSTEM32;C:\WINDOWS\WinSxS\amd64_microsoft.windows.common-controls_6595b64144ccf1df_6.0.19041.4355_none_60b8b9eb71f62e16;C:\Program Files\Java\jdk-11\bin\server

VM Arguments:
java_command: C:\Users\Admin\AppData\Local\Temp\surefire4724536700652001610\surefirebooter3604237607377113963.jar C:\Users\Admin\AppData\Local\Temp\surefire4724536700652001610 2024-10-03T01-19-31_742-jvmRun1 surefire13880781837560502807tmp surefire_03600023160541092102tmp
java_class_path (initial): C:\Users\Admin\AppData\Local\Temp\surefire4724536700652001610\surefirebooter3604237607377113963.jar
Launcher Type: SUN_STANDARD

[Global flags]
     intx CICompilerCount                          = 3                                         {product} {ergonomic}
     uint ConcGCThreads                            = 1                                         {product} {ergonomic}
     uint G1ConcRefinementThreads                  = 4                                         {product} {ergonomic}
   size_t G1HeapRegionSize                         = 1048576                                   {product} {ergonomic}
    uintx GCDrainStackTargetSize                   = 64                                        {product} {ergonomic}
   size_t InitialHeapSize                          = 67108864                                  {product} {ergonomic}
   size_t MarkStackSize                            = 4194304                                   {product} {ergonomic}
   size_t MaxHeapSize                              = 1048576000                                {product} {ergonomic}
   size_t MaxNewSize                               = 629145600                                 {product} {ergonomic}
   size_t MinHeapDeltaBytes                        = 1048576                                   {product} {ergonomic}
    uintx NonNMethodCodeHeapSize                   = 5830732                                {pd product} {ergonomic}
    uintx NonProfiledCodeHeapSize                  = 122913754                              {pd product} {ergonomic}
    uintx ProfiledCodeHeapSize                     = 122913754                              {pd product} {ergonomic}
    uintx ReservedCodeCacheSize                    = 251658240                              {pd product} {ergonomic}
     bool SegmentedCodeCache                       = true                                      {product} {ergonomic}
     bool UseCompressedClassPointers               = true                                 {lp64_product} {ergonomic}
     bool UseCompressedOops                        = true                                 {lp64_product} {ergonomic}
     bool UseG1GC                                  = true                                      {product} {ergonomic}
     bool UseLargePagesIndividualAllocation        = false                                  {pd product} {ergonomic}

Logging:
Log output configuration:
 #0: stdout all=warning uptime,level,tags
 #1: stderr all=off uptime,level,tags

Environment Variables:
JAVA_HOME=C:\Program Files\Java\jdk-11
PATH=C:/sts-4.17.2.RELEASE//plugins/org.eclipse.justj.openjdk.hotspot.jre.full.win32.x86_64_17.0.6.v20230125-1136/jre/bin/server;C:/sts-4.17.2.RELEASE//plugins/org.eclipse.justj.openjdk.hotspot.jre.full.win32.x86_64_17.0.6.v20230125-1136/jre/bin;C:\Program Files\Common Files\Oracle\Java\javapath;C:\Python311\Scripts\;C:\Python311\;C:\Program Files\Java\jdk-11\bin;C:\WINDOWS\system32;C:\WINDOWS;C:\WINDOWS\System32\Wbem;C:\WINDOWS\System32\WindowsPowerShell\v1.0\;C:\WINDOWS\System32\OpenSSH\;C:\Program Files\Git\cmd;C:\Program Files (x86)\Yarn\bin\;C:\Users\Admin\AppData\Local\Programs\Python\Python39;C:\Users\Admin\AppData\Local\Programs\Python\Python39\Scripts;C:\Program Files (x86)\Microsoft SQL Server\160\DTS\Binn\;C:\Program Files\Azure Data Studio\bin;C:\Program Files (x86)\Microsoft SQL Server\160\Tools\Binn\;C:\Program Files\Microsoft SQL Server\160\Tools\Binn\;C:\Program Files\Microsoft SQL Server\Client SDK\ODBC\170\Tools\Binn\;C:\Program Files\Microsoft SQL Server\160\DTS\Binn\;C:\Program Files\Docker\Docker\resources\bin;C:\ProgramData\chocolatey\bin;D:\maven\apache-maven-3.9.6\bin;C:\Users\Admin\AppData\Roaming\nvm;C:\Program Files\nodejs;C:\Program Files\nodejs\;C:\Program Files\PuTTY\;C:\Program Files\Java\jdk-11\bin;C:\Program Files\MySQL\MySQL Shell 8.0\bin\;C:\Users\Admin\AppData\Local\Microsoft\WindowsApps;C:\Users\Admin\AppData\Local\Programs\Microsoft VS Code\bin;C:\Users\Admin\AppData\Local\Yarn\bin;C:\Users\Admin\AppData\Local\GitHubDesktop\bin;C:\Program Files\JetBrains\IntelliJ IDEA Community Edition 2023.1.1\bin;;C:\Program Files\Azure Data Studio\bin;C:\Users\Admin\AppData\Roaming\nvm;C:\Users\Admin\.nvm;C:\Users\Admin\AppData\Roaming\npm;C:\Program Files\MongoDB\Server\7.0\bin;;C:\sts-4.17.2.RELEASE;
USERNAME=Admin
OS=Windows_NT
PROCESSOR_IDENTIFIER=Intel64 Family 6 Model 69 Stepping 1, GenuineIntel



---------------  S Y S T E M  ---------------

OS: Windows 10 , 64 bit Build 19041 (10.0.19041.4957)
Hyper-V role detected

CPU:total 4 (initial active 4) (2 cores per cpu, 2 threads per core) family 6 model 69 stepping 1 microcode 0x25, cmov, cx8, fxsr, mmx, sse, sse2, sse3, ssse3, sse4.1, sse4.2, popcnt, avx, avx2, aes, clmul, erms, lzcnt, ht, tsc, tscinvbit, bmi1, bmi2, fma

Memory: 4k page, system-wide physical 3999M (59M free)
TotalPageFile size 16287M (AvailPageFile size 14M)
current process WorkingSet (physical memory assigned to process): 178M, peak: 181M
current process commit charge ("private bytes"): 249M, peak: 251M

vm_info: Java HotSpot(TM) 64-Bit Server VM (11.0.23+7-LTS-222) for windows-amd64 JRE (11.0.23+7-LTS-222), built on Mar 11 2024 22:13:52 by "mach5one" with MS VC++ 17.6 (VS2022)

END.
